0 info it worked if it ends with ok
1 verbose cli [ '/usr/bin/node', '/usr/bin/npm', 'install' ]
2 info using npm@1.3.24
3 info using node@v0.10.25
4 verbose node symlink /usr/bin/node
5 verbose readDependencies using package.json deps
6 verbose install where, deps [ '/home/da/code/misc/aentropic',
6 verbose install   [ 'express',
6 verbose install     'jade',
6 verbose install     'mongodb',
6 verbose install     'colors',
6 verbose install     'monk',
6 verbose install     'grunt',
6 verbose install     'grunt-contrib-jshint',
6 verbose install     'grunt-contrib-watch',
6 verbose install     'grunt-contrib-concat',
6 verbose install     'grunt-contrib-uglify',
6 verbose install     'grunt-contrib-handlebars' ] ]
7 info preinstall blog@0.0.1
8 verbose readDependencies using package.json deps
9 verbose already installed skipping grunt@~0.4.2 /home/da/code/misc/aentropic
10 verbose already installed skipping monk@* /home/da/code/misc/aentropic
11 verbose cache add [ 'grunt-contrib-jshint@~0.6.3', null ]
12 verbose cache add name=undefined spec="grunt-contrib-jshint@~0.6.3" args=["grunt-contrib-jshint@~0.6.3",null]
13 verbose parsed url { protocol: null,
13 verbose parsed url   slashes: null,
13 verbose parsed url   auth: null,
13 verbose parsed url   host: null,
13 verbose parsed url   port: null,
13 verbose parsed url   hostname: null,
13 verbose parsed url   hash: null,
13 verbose parsed url   search: null,
13 verbose parsed url   query: null,
13 verbose parsed url   pathname: 'grunt-contrib-jshint@~0.6.3',
13 verbose parsed url   path: 'grunt-contrib-jshint@~0.6.3',
13 verbose parsed url   href: 'grunt-contrib-jshint@~0.6.3' }
14 verbose cache add name="grunt-contrib-jshint" spec="~0.6.3" args=["grunt-contrib-jshint","~0.6.3"]
15 verbose parsed url { protocol: null,
15 verbose parsed url   slashes: null,
15 verbose parsed url   auth: null,
15 verbose parsed url   host: null,
15 verbose parsed url   port: null,
15 verbose parsed url   hostname: null,
15 verbose parsed url   hash: null,
15 verbose parsed url   search: null,
15 verbose parsed url   query: null,
15 verbose parsed url   pathname: '~0.6.3',
15 verbose parsed url   path: '~0.6.3',
15 verbose parsed url   href: '~0.6.3' }
16 verbose addNamed [ 'grunt-contrib-jshint', '~0.6.3' ]
17 verbose addNamed [ null, '>=0.6.3-0 <0.7.0-0' ]
18 verbose already installed skipping grunt-contrib-watch@~0.5.3 /home/da/code/misc/aentropic
19 silly lockFile 6f38214b-grunt-contrib-jshint-0-6-3 grunt-contrib-jshint@~0.6.3
20 verbose lock grunt-contrib-jshint@~0.6.3 /home/da/.npm/6f38214b-grunt-contrib-jshint-0-6-3.lock
21 verbose cache add [ 'grunt-contrib-concat@~0.4.0', null ]
22 verbose cache add name=undefined spec="grunt-contrib-concat@~0.4.0" args=["grunt-contrib-concat@~0.4.0",null]
23 verbose parsed url { protocol: null,
23 verbose parsed url   slashes: null,
23 verbose parsed url   auth: null,
23 verbose parsed url   host: null,
23 verbose parsed url   port: null,
23 verbose parsed url   hostname: null,
23 verbose parsed url   hash: null,
23 verbose parsed url   search: null,
23 verbose parsed url   query: null,
23 verbose parsed url   pathname: 'grunt-contrib-concat@~0.4.0',
23 verbose parsed url   path: 'grunt-contrib-concat@~0.4.0',
23 verbose parsed url   href: 'grunt-contrib-concat@~0.4.0' }
24 verbose cache add name="grunt-contrib-concat" spec="~0.4.0" args=["grunt-contrib-concat","~0.4.0"]
25 verbose parsed url { protocol: null,
25 verbose parsed url   slashes: null,
25 verbose parsed url   auth: null,
25 verbose parsed url   host: null,
25 verbose parsed url   port: null,
25 verbose parsed url   hostname: null,
25 verbose parsed url   hash: null,
25 verbose parsed url   search: null,
25 verbose parsed url   query: null,
25 verbose parsed url   pathname: '~0.4.0',
25 verbose parsed url   path: '~0.4.0',
25 verbose parsed url   href: '~0.4.0' }
26 verbose addNamed [ 'grunt-contrib-concat', '~0.4.0' ]
27 verbose addNamed [ null, '>=0.4.0-0 <0.5.0-0' ]
28 silly lockFile cc7194be-grunt-contrib-concat-0-4-0 grunt-contrib-concat@~0.4.0
29 verbose lock grunt-contrib-concat@~0.4.0 /home/da/.npm/cc7194be-grunt-contrib-concat-0-4-0.lock
30 verbose already installed skipping grunt-contrib-uglify@~0.3.0 /home/da/code/misc/aentropic
31 silly addNameRange { name: 'grunt-contrib-jshint',
31 silly addNameRange   range: '>=0.6.3-0 <0.7.0-0',
31 silly addNameRange   hasData: false }
32 verbose already installed skipping grunt-contrib-handlebars@~0.6.1 /home/da/code/misc/aentropic
33 silly addNameRange { name: 'grunt-contrib-concat',
33 silly addNameRange   range: '>=0.4.0-0 <0.5.0-0',
33 silly addNameRange   hasData: false }
34 verbose registry.get grunt-contrib-jshint not expired, no request
35 silly addNameRange number 2 { name: 'grunt-contrib-jshint',
35 silly addNameRange   range: '>=0.6.3-0 <0.7.0-0',
35 silly addNameRange   hasData: true }
36 silly addNameRange versions [ 'grunt-contrib-jshint',
36 silly addNameRange   [ '0.1.0',
36 silly addNameRange     '0.1.1',
36 silly addNameRange     '0.2.0',
36 silly addNameRange     '0.3.0',
36 silly addNameRange     '0.4.0',
36 silly addNameRange     '0.4.1',
36 silly addNameRange     '0.4.2',
36 silly addNameRange     '0.4.3',
36 silly addNameRange     '0.5.0',
36 silly addNameRange     '0.5.1',
36 silly addNameRange     '0.5.2',
36 silly addNameRange     '0.5.3',
36 silly addNameRange     '0.5.4',
36 silly addNameRange     '0.6.0',
36 silly addNameRange     '0.6.1',
36 silly addNameRange     '0.6.2',
36 silly addNameRange     '0.6.3',
36 silly addNameRange     '0.6.4',
36 silly addNameRange     '0.6.5',
36 silly addNameRange     '0.7.0',
36 silly addNameRange     '0.7.1',
36 silly addNameRange     '0.7.2',
36 silly addNameRange     '0.8.0',
36 silly addNameRange     '0.1.1-rc5',
36 silly addNameRange     '0.1.1-rc6' ] ]
37 verbose addNamed [ 'grunt-contrib-jshint', '0.6.5' ]
38 verbose addNamed [ '0.6.5', '0.6.5' ]
39 silly lockFile d0b3f61f-grunt-contrib-jshint-0-6-5 grunt-contrib-jshint@0.6.5
40 verbose lock grunt-contrib-jshint@0.6.5 /home/da/.npm/d0b3f61f-grunt-contrib-jshint-0-6-5.lock
41 verbose already installed skipping express@3.4.4 /home/da/code/misc/aentropic
42 verbose already installed skipping jade@* /home/da/code/misc/aentropic
43 verbose already installed skipping mongodb@* /home/da/code/misc/aentropic
44 verbose cache add [ 'colors@*', null ]
45 verbose cache add name=undefined spec="colors@*" args=["colors@*",null]
46 verbose parsed url { protocol: null,
46 verbose parsed url   slashes: null,
46 verbose parsed url   auth: null,
46 verbose parsed url   host: null,
46 verbose parsed url   port: null,
46 verbose parsed url   hostname: null,
46 verbose parsed url   hash: null,
46 verbose parsed url   search: null,
46 verbose parsed url   query: null,
46 verbose parsed url   pathname: 'colors@*',
46 verbose parsed url   path: 'colors@*',
46 verbose parsed url   href: 'colors@*' }
47 verbose cache add name="colors" spec="*" args=["colors","*"]
48 verbose parsed url { protocol: null,
48 verbose parsed url   slashes: null,
48 verbose parsed url   auth: null,
48 verbose parsed url   host: null,
48 verbose parsed url   port: null,
48 verbose parsed url   hostname: null,
48 verbose parsed url   hash: null,
48 verbose parsed url   search: null,
48 verbose parsed url   query: null,
48 verbose parsed url   pathname: '*',
48 verbose parsed url   path: '*',
48 verbose parsed url   href: '*' }
49 verbose addNamed [ 'colors', '*' ]
50 verbose addNamed [ null, '*' ]
51 silly lockFile 9ee7deec-colors colors@*
52 verbose lock colors@* /home/da/.npm/9ee7deec-colors.lock
53 verbose registry.get grunt-contrib-concat not expired, no request
54 silly addNameRange number 2 { name: 'grunt-contrib-concat',
54 silly addNameRange   range: '>=0.4.0-0 <0.5.0-0',
54 silly addNameRange   hasData: true }
55 silly addNameRange versions [ 'grunt-contrib-concat',
55 silly addNameRange   [ '0.1.0',
55 silly addNameRange     '0.1.1',
55 silly addNameRange     '0.1.2',
55 silly addNameRange     '0.1.3',
55 silly addNameRange     '0.2.0',
55 silly addNameRange     '0.3.0',
55 silly addNameRange     '0.1.2-rc5',
55 silly addNameRange     '0.1.2-rc6' ] ]
56 silly lockFile cc7194be-grunt-contrib-concat-0-4-0 grunt-contrib-concat@~0.4.0
57 silly lockFile cc7194be-grunt-contrib-concat-0-4-0 grunt-contrib-concat@~0.4.0
58 error notarget No compatible version found: grunt-contrib-concat@'>=0.4.0-0 <0.5.0-0'
58 error notarget Valid install targets:
58 error notarget ["0.1.0","0.1.1","0.1.2","0.1.3","0.2.0","0.3.0","0.1.2-rc5","0.1.2-rc6"]
58 error notarget
58 error notarget This is most likely not a problem with npm itself.
58 error notarget In most cases you or one of your dependencies are requesting
58 error notarget a package version that doesn't exist.
59 error System Linux 3.8.0-35-generic
60 error command "/usr/bin/node" "/usr/bin/npm" "install"
61 error cwd /home/da/code/misc/aentropic/downloads
62 error node -v v0.10.25
63 error npm -v 1.3.24
64 error code ETARGET
65 verbose exit [ 1, true ]
